Using pre-set license
Built from '2021.3/staging' branch; Version is '2021.3.21f1 (1b156197d683) revision 1774945'; Using compiler version '192829333'; Build Type 'Release'
OS: 'Windows 11  (10.0.22621) 64bit Core' Language: 'en' Physical Memory: 15789 MB
BatchMode: 1, IsHumanControllingUs: 0, StartBugReporterOnCrash: 0, Is64bit: 1, IsPro: 1

COMMAND LINE ARGUMENTS:
C:\Program Files\Unity\Hub\Editor\2021.3.21f1\Editor\Unity.exe
-adb2
-batchMode
-noUpm
-name
AssetImportWorker3
-projectPath
C:/Users/ramyb/Documents/UnityProjects/Unity 3d Training
-logFile
Logs/AssetImportWorker3.log
-srvPort
64659
Successfully changed project path to: C:/Users/ramyb/Documents/UnityProjects/Unity 3d Training
C:/Users/ramyb/Documents/UnityProjects/Unity 3d Training
[UnityMemory] Configuration Parameters - Can be set up in boot.config
    "memorysetup-bucket-allocator-granularity=16"
    "memorysetup-bucket-allocator-bucket-count=8"
    "memorysetup-bucket-allocator-block-size=33554432"
    "memorysetup-bucket-allocator-block-count=8"
    "memorysetup-main-allocator-block-size=16777216"
    "memorysetup-thread-allocator-block-size=16777216"
    "memorysetup-gfx-main-allocator-block-size=16777216"
    "memorysetup-gfx-thread-allocator-block-size=16777216"
    "memorysetup-cache-allocator-block-size=4194304"
    "memorysetup-typetree-allocator-block-size=2097152"
    "memorysetup-profiler-bucket-allocator-granularity=16"
    "memorysetup-profiler-bucket-allocator-bucket-count=8"
    "memorysetup-profiler-bucket-allocator-block-size=33554432"
    "memorysetup-profiler-bucket-allocator-block-count=8"
    "memorysetup-profiler-allocator-block-size=16777216"
    "memorysetup-profiler-editor-allocator-block-size=1048576"
    "memorysetup-temp-allocator-size-main=16777216"
    "memorysetup-job-temp-allocator-block-size=2097152"
    "memorysetup-job-temp-allocator-block-size-background=1048576"
    "memorysetup-job-temp-allocator-reduction-small-platforms=262144"
    "memorysetup-temp-allocator-size-background-worker=32768"
    "memorysetup-temp-allocator-size-job-worker=262144"
    "memorysetup-temp-allocator-size-preload-manager=33554432"
    "memorysetup-temp-allocator-size-nav-mesh-worker=65536"
    "memorysetup-temp-allocator-size-audio-worker=65536"
    "memorysetup-temp-allocator-size-cloud-worker=32768"
    "memorysetup-temp-allocator-size-gi-baking-worker=262144"
    "memorysetup-temp-allocator-size-gfx=262144"
Player connection [23116] Host "[IP] 192.168.56.1 [Port] 0 [Flags] 2 [Guid] 3414813851 [EditorId] 3414813851 [Version] 1048832 [Id] WindowsEditor(7,Ramy-Asus-ROG) [Debug] 1 [PackageName] WindowsEditor [ProjectName] Editor" joined multi-casting on [225.0.0.222:54997]...

Player connection [23116] Host "[IP] 192.168.56.1 [Port] 0 [Flags] 2 [Guid] 3414813851 [EditorId] 3414813851 [Version] 1048832 [Id] WindowsEditor(7,Ramy-Asus-ROG) [Debug] 1 [PackageName] WindowsEditor [ProjectName] Editor" joined alternative multi-casting on [225.0.0.222:34997]...

Refreshing native plugins compatible for Editor in 89.66 ms, found 3 plugins.
Preloading 0 native plugins for Editor in 0.00 ms.
Initialize engine version: 2021.3.21f1 (1b156197d683)
[Subsystems] Discovering subsystems at path C:/Program Files/Unity/Hub/Editor/2021.3.21f1/Editor/Data/Resources/UnitySubsystems
[Subsystems] Discovering subsystems at path C:/Users/ramyb/Documents/UnityProjects/Unity 3d Training/Assets
GfxDevice: creating device client; threaded=0; jobified=0
Direct3D:
    Version:  Direct3D 11.0 [level 11.1]
    Renderer: NVIDIA GeForce RTX 2060 with Max-Q Design (ID=0x1f12)
    Vendor:   NVIDIA
    VRAM:     5968 MB
    Driver:   31.0.15.3667
Initialize mono
Mono path[0] = 'C:/Program Files/Unity/Hub/Editor/2021.3.21f1/Editor/Data/Managed'
Mono path[1] = 'C:/Program Files/Unity/Hub/Editor/2021.3.21f1/Editor/Data/MonoBleedingEdge/lib/mono/unityjit-win32'
Mono config path = 'C:/Program Files/Unity/Hub/Editor/2021.3.21f1/Editor/Data/MonoBleedingEdge/etc'
Using monoOptions --debugger-agent=transport=dt_socket,embedding=1,server=y,suspend=n,address=127.0.0.1:56684
Begin MonoManager ReloadAssembly
Registering precompiled unity dll's ...
Register platform support module: C:/Program Files/Unity/Hub/Editor/2021.3.21f1/Editor/Data/PlaybackEngines/WindowsStandaloneSupport/UnityEditor.WindowsStandalone.Extensions.dll
Registered in 0.006621 seconds.
Native extension for WindowsStandalone target not found
Refreshing native plugins compatible for Editor in 90.39 ms, found 3 plugins.
Preloading 0 native plugins for Editor in 0.00 ms.
Mono: successfully reloaded assembly
- Completed reload, in  0.836 seconds
Domain Reload Profiling:
	ReloadAssembly (838ms)
		BeginReloadAssembly (119ms)
			ExecutionOrderSort (0ms)
			DisableScriptedObjects (0ms)
			BackupInstance (0ms)
			ReleaseScriptingObjects (0ms)
			CreateAndSetChildDomain (1ms)
		EndReloadAssembly (593ms)
			LoadAssemblies (116ms)
			RebuildTransferFunctionScriptingTraits (0ms)
			SetupTypeCache (163ms)
			ReleaseScriptCaches (0ms)
			RebuildScriptCaches (41ms)
			SetupLoadedEditorAssemblies (321ms)
				LogAssemblyErrors (0ms)
				InitializePlatformSupportModulesInManaged (8ms)
				SetLoadedEditorAssemblies (0ms)
				RefreshPlugins (90ms)
				BeforeProcessingInitializeOnLoad (1ms)
				ProcessInitializeOnLoadAttributes (162ms)
				ProcessInitializeOnLoadMethodAttributes (58ms)
				AfterProcessingInitializeOnLoad (0ms)
				EditorAssembliesLoaded (0ms)
			ExecutionOrderSort2 (0ms)
			AwakeInstancesAfterBackupRestoration (0ms)
Platform modules already initialized, skipping
Registering precompiled user dll's ...
Registered in 0.006387 seconds.
Begin MonoManager ReloadAssembly
Symbol file LoadedFromMemory doesn't match image C:\Users\ramyb\Documents\UnityProjects\Unity 3d Training\Library\PackageCache\com.unity.visualscripting@1.8.0\Editor\VisualScripting.Core\Dependencies\YamlDotNet\Unity.VisualScripting.YamlDotNet.dll
Symbol file LoadedFromMemory doesn't match image C:\Users\ramyb\Documents\UnityProjects\Unity 3d Training\Library\PackageCache\com.unity.visualscripting@1.8.0\Editor\VisualScripting.Core\Dependencies\DotNetZip\Unity.VisualScripting.IonicZip.dll
Native extension for WindowsStandalone target not found
Refreshing native plugins compatible for Editor in 1.10 ms, found 3 plugins.
Preloading 0 native plugins for Editor in 0.00 ms.
Mono: successfully reloaded assembly
- Completed reload, in  1.496 seconds
Domain Reload Profiling:
	ReloadAssembly (1497ms)
		BeginReloadAssembly (147ms)
			ExecutionOrderSort (0ms)
			DisableScriptedObjects (6ms)
			BackupInstance (0ms)
			ReleaseScriptingObjects (0ms)
			CreateAndSetChildDomain (30ms)
		EndReloadAssembly (1217ms)
			LoadAssemblies (104ms)
			RebuildTransferFunctionScriptingTraits (0ms)
			SetupTypeCache (310ms)
			ReleaseScriptCaches (1ms)
			RebuildScriptCaches (54ms)
			SetupLoadedEditorAssemblies (698ms)
				LogAssemblyErrors (0ms)
				InitializePlatformSupportModulesInManaged (10ms)
				SetLoadedEditorAssemblies (1ms)
				RefreshPlugins (1ms)
				BeforeProcessingInitializeOnLoad (128ms)
				ProcessInitializeOnLoadAttributes (518ms)
				ProcessInitializeOnLoadMethodAttributes (33ms)
				AfterProcessingInitializeOnLoad (7ms)
				EditorAssembliesLoaded (0ms)
			ExecutionOrderSort2 (0ms)
			AwakeInstancesAfterBackupRestoration (8ms)
Platform modules already initialized, skipping
========================================================================
Worker process is ready to serve import requests
Launched and connected shader compiler UnityShaderCompiler.exe after 0.08 seconds
Refreshing native plugins compatible for Editor in 1.17 ms, found 3 plugins.
Preloading 0 native plugins for Editor in 0.00 ms.
Unloading 3047 Unused Serialized files (Serialized files now loaded: 0)
Unloading 24 unused Assets / (113.5 KB). Loaded Objects now: 3521.
Memory consumption went from 119.6 MB to 119.5 MB.
Total: 7.002000 ms (FindLiveObjects: 0.605200 ms CreateObjectMapping: 0.244800 ms MarkObjects: 5.943700 ms  DeleteObjects: 0.204700 ms)

AssetImportParameters requested are different than current active one (requested -> active):
  custom:video-decoder-ogg-theora: a1e56fd34408186e4bbccfd4996cb3dc -> 
  custom:container-muxer-webm: aa71ff27fc2769a1b78a27578f13a17b -> 
  custom:container-demuxer-webm: 4f35f7cbe854078d1ac9338744f61a02 -> 
  custom:video-encoder-webm-vp8: eb34c28f22e8b96e1ab97ce403110664 -> 
  custom:video-codec-MediaFoundation-h265: 746d11721c4dcdbdad8f713fa42b33f4 -> 
  custom:audio-encoder-webm-vorbis: bf7c407c2cedff20999df2af8eb42d56 -> 
  custom:framework-win-MediaFoundation: 216162199b28c13a410421893ffa2e32 -> 
  custom:container-demuxer-ogg: 62fdf1f143b41e24485cea50d1cbac27 -> 
  custom:video-decoder-webm-vp8: 9c59270c3fd7afecdb556c50c9e8de78 -> 
  custom:audio-decoder-ogg-vorbis: bf7c407c2cedff20999df2af8eb42d56 -> 
========================================================================
Received Import Request.
  Time since last request: 24147.669548 seconds.
  path: Assets/Textures/Yakuzombie_specular.png
  artifactKey: Guid(7bce2dfa3bac2cf40899cf3f29d1dcc6) Importer(815301076,1909f56bfc062723c751e8b465ee728b)
Start importing Assets/Textures/Yakuzombie_specular.png using Guid(7bce2dfa3bac2cf40899cf3f29d1dcc6) Importer(815301076,1909f56bfc062723c751e8b465ee728b)  -> (artifact id: 'aef702abf78317e0ab249809a7bc89d0') in 0.195529 seconds 
========================================================================
Received Import Request.
  Time since last request: 0.000067 seconds.
  path: Assets/Textures
  artifactKey: Guid(6f90be69e7dcb314991abcafaf2b1d96) Importer(815301076,1909f56bfc062723c751e8b465ee728b)
Start importing Assets/Textures using Guid(6f90be69e7dcb314991abcafaf2b1d96) Importer(815301076,1909f56bfc062723c751e8b465ee728b)  -> (artifact id: '9833854602de5dc33839850ea8ffc9f0') in 0.016960 seconds 
========================================================================
Received Import Request.
  Time since last request: 0.000046 seconds.
  path: Assets/Textures/Remy_Bottom_Normal.png
  artifactKey: Guid(149db354a6e77f44e9967544f8ca2399) Importer(815301076,1909f56bfc062723c751e8b465ee728b)
Start importing Assets/Textures/Remy_Bottom_Normal.png using Guid(149db354a6e77f44e9967544f8ca2399) Importer(815301076,1909f56bfc062723c751e8b465ee728b)  -> (artifact id: '3baa1b2aec4daea19f760a868e2d29fb') in 0.106338 seconds 
========================================================================
Received Import Request.
  Time since last request: 0.000045 seconds.
  path: Assets/Textures/Remy_Top_Diffuse.png
  artifactKey: Guid(82e3e8ccbdfe2e94b9a5856ef7dc2fe9) Importer(815301076,1909f56bfc062723c751e8b465ee728b)
Start importing Assets/Textures/Remy_Top_Diffuse.png using Guid(82e3e8ccbdfe2e94b9a5856ef7dc2fe9) Importer(815301076,1909f56bfc062723c751e8b465ee728b)  -> (artifact id: 'f730c2f7e7fb93a31632b576268b3348') in 0.071872 seconds 
========================================================================
Received Import Request.
  Time since last request: 0.000026 seconds.
  path: Assets/Textures/Remy_Hair_Diffuse.png
  artifactKey: Guid(dc5eaf07818f9974e8bee3c0c9cde7e2) Importer(815301076,1909f56bfc062723c751e8b465ee728b)
Start importing Assets/Textures/Remy_Hair_Diffuse.png using Guid(dc5eaf07818f9974e8bee3c0c9cde7e2) Importer(815301076,1909f56bfc062723c751e8b465ee728b)  -> (artifact id: '235187f0420346f29571fbfd4af8e741') in 0.027690 seconds 
========================================================================
Received Import Request.
  Time since last request: 0.000092 seconds.
  path: Assets/Textures/Remy_Hair_Specular.png
  artifactKey: Guid(881f44b74fae17b428e63896d2d5b362) Importer(815301076,1909f56bfc062723c751e8b465ee728b)
Start importing Assets/Textures/Remy_Hair_Specular.png using Guid(881f44b74fae17b428e63896d2d5b362) Importer(815301076,1909f56bfc062723c751e8b465ee728b)  -> (artifact id: 'd61bb34fd9179783d95f63730292b0ad') in 0.030734 seconds 
========================================================================
Received Import Request.
  Time since last request: 0.000034 seconds.
  path: Assets/Textures/Remy_Hair_Opacity.png
  artifactKey: Guid(c8b770c7757fe254585d5ea700a04d57) Importer(815301076,1909f56bfc062723c751e8b465ee728b)
Start importing Assets/Textures/Remy_Hair_Opacity.png using Guid(c8b770c7757fe254585d5ea700a04d57) Importer(815301076,1909f56bfc062723c751e8b465ee728b)  -> (artifact id: '6e16c0f7b503e3acb0713020da628b1a') in 0.029468 seconds 
========================================================================
Received Import Request.
  Time since last request: 0.000034 seconds.
  path: Assets/Textures/Remy_Top_Specular.png
  artifactKey: Guid(ab802191bd687234d88fe1fee1e4f716) Importer(815301076,1909f56bfc062723c751e8b465ee728b)
Start importing Assets/Textures/Remy_Top_Specular.png using Guid(ab802191bd687234d88fe1fee1e4f716) Importer(815301076,1909f56bfc062723c751e8b465ee728b)  -> (artifact id: 'adcbe87b3b93ee54e73c4cdc0c41e74c') in 0.030861 seconds 
Editor requested this worker to shutdown with reason: Scaling down because of idle timeout
AssetImportWorker is now disconnected from the server
Process exiting
Exiting without the bug reporter. Application will terminate with return code 0